CalSPEED/build/outputs/logs/manifest-merger-debug-report.txt
-- Merging decision tree log ---
manifest
ADDED from src\main\AndroidManifest.xml:2:1-88:12
	package
		ADDED from src\main\AndroidManifest.xml:3:5-43
		INJECTED from src\main\AndroidManifest.xml
		INJECTED from src\main\AndroidManifest.xml
	android:versionName
		ADDED from src\main\AndroidManifest.xml:5:5-32
		INJECTED from src\main\AndroidManifest.xml
		INJECTED from src\main\AndroidManifest.xml
	android:versionCode
		ADDED from src\main\AndroidManifest.xml:4:5-29
		INJECTED from src\main\AndroidManifest.xml
		INJECTED from src\main\AndroidManifest.xml
	xmlns:android
		ADDED from src\main\AndroidManifest.xml:2:11-69
uses-feature#0x00020000
ADDED from src\main\AndroidManifest.xml:7:5-9:35
	android:glEsVersion
		ADDED from src\main\AndroidManifest.xml:8:9-41
	android:required
		ADDED from src\main\AndroidManifest.xml:9:9-32
uses-sdk
ADDED from src\main\AndroidManifest.xml:12:5-14:40
MERGED from [CalSPEED_android_studio:actionbarsherlock:unspecified] AndroidManifest.xml:7:5-9:41
MERGED from [CalSPEED_android_studio:googleplayservices_lib:unspecified] AndroidManifest.xml:20:5-22:40
	android:targetSdkVersion
		ADDED from src\main\AndroidManifest.xml:14:9-37
		INJECTED from src\main\AndroidManifest.xml
		INJECTED from src\main\AndroidManifest.xml
	android:minSdkVersion
		ADDED from src\main\AndroidManifest.xml:13:9-34
		INJECTED from src\main\AndroidManifest.xml
		INJECTED from src\main\AndroidManifest.xml
uses-permission#android.permission.INTERNET
ADDED from src\main\AndroidManifest.xml:16:5-67
	android:name
		ADDED from src\main\AndroidManifest.xml:16:22-64
uses-permission#android.permission.WAKE_LOCK
ADDED from src\main\AndroidManifest.xml:17:5-68
	android:name
		ADDED from src\main\AndroidManifest.xml:17:22-65
uses-permission#com.google.android.providers.gsf.permission.READ_GSERVICES
ADDED from src\main\AndroidManifest.xml:18:5-98
	android:name
		ADDED from src\main\AndroidManifest.xml:18:22-95
uses-permission#android.permission.ACCESS_COARSE_LOCATION
ADDED from src\main\AndroidManifest.xml:19:5-81
	android:name
		ADDED from src\main\AndroidManifest.xml:19:22-78
uses-permission#android.permission.ACCESS_FINE_LOCATION
ADDED from src\main\AndroidManifest.xml:20:5-79
	android:name
		ADDED from src\main\AndroidManifest.xml:20:22-76
uses-permission#android.permission.ACCESS_NETWORK_STATE
ADDED from src\main\AndroidManifest.xml:22:5-79
	android:name
		ADDED from src\main\AndroidManifest.xml:22:22-76
uses-permission#android.permission.ACCESS_WIFI_STATE
ADDED from src\main\AndroidManifest.xml:23:5-76
	android:name
		ADDED from src\main\AndroidManifest.xml:23:22-73
uses-permission#android.permission.CHANGE_NETWORK_STATE
ADDED from src\main\AndroidManifest.xml:24:5-79
	android:name
		ADDED from src\main\AndroidManifest.xml:24:22-76
uses-permission#android.permission.CHANGE_WIFI_STATE
ADDED from src\main\AndroidManifest.xml:25:5-76
	android:name
		ADDED from src\main\AndroidManifest.xml:25:22-73
uses-permission#android.permission.WRITE_EXTERNAL_STORAGE
ADDED from src\main\AndroidManifest.xml:26:5-81
	android:name
		ADDED from src\main\AndroidManifest.xml:26:22-78
uses-permission#com.android.launcher.permission.INSTALL_SHORTCUT
ADDED from src\main\AndroidManifest.xml:27:5-88
	android:name
		ADDED from src\main\AndroidManifest.xml:27:22-85
application
ADDED from src\main\AndroidManifest.xml:29:5-86:19
MERGED from [CalSPEED_android_studio:actionbarsherlock:unspecified] AndroidManifest.xml:11:5-20
MERGED from [CalSPEED_android_studio:googleplayservices_lib:unspecified] AndroidManifest.xml:24:5-28:19
	android:label
		ADDED from src\main\AndroidManifest.xml:32:9-41
	android:allowBackup
		ADDED from src\main\AndroidManifest.xml:30:9-35
	android:icon
		ADDED from src\main\AndroidManifest.xml:31:9-42
activity#gov.ca.cpuc.calspeed.android.MainActivity
ADDED from src\main\AndroidManifest.xml:34:9-44:20
	android:screenOrientation
		ADDED from src\main\AndroidManifest.xml:37:13-49
	android:label
		ADDED from src\main\AndroidManifest.xml:36:13-45
	android:launchMode
		ADDED from src\main\AndroidManifest.xml:39:13-48
	android:theme
		ADDED from src\main\AndroidManifest.xml:38:13-50
	android:name
		ADDED from src\main\AndroidManifest.xml:35:13-69
intent-filter#android.intent.action.MAIN+android.intent.category.LAUNCHER
ADDED from src\main\AndroidManifest.xml:40:13-43:29
action#android.intent.action.MAIN
ADDED from src\main\AndroidManifest.xml:41:17-69
	android:name
		ADDED from src\main\AndroidManifest.xml:41:25-66
category#android.intent.category.LAUNCHER
ADDED from src\main\AndroidManifest.xml:42:17-77
	android:name
		ADDED from src\main\AndroidManifest.xml:42:27-74
activity#gov.ca.cpuc.calspeed.android.About
ADDED from src\main\AndroidManifest.xml:47:9-51:20
	android:screenOrientation
		ADDED from src\main\AndroidManifest.xml:50:13-49
	android:label
		ADDED from src\main\AndroidManifest.xml:49:13-48
	android:name
		ADDED from src\main\AndroidManifest.xml:48:13-62
activity#gov.ca.cpuc.calspeed.android.DisplayInfo
ADDED from src\main\AndroidManifest.xml:53:9-70:20
	android:screenOrientation
		ADDED from src\main\AndroidManifest.xml:56:13-49
	android:label
		ADDED from src\main\AndroidManifest.xml:55:13-45
	android:parentActivityName
		ADDED from src\main\AndroidManifest.xml:58:13-83
	android:theme
		ADDED from src\main\AndroidManifest.xml:57:13-70
	android:name
		ADDED from src\main\AndroidManifest.xml:54:13-68
meta-data#android.support.PARENT_ACTIVITY
ADDED from src\main\AndroidManifest.xml:61:13-63:77
	android:value
		ADDED from src\main\AndroidManifest.xml:63:17-74
	android:name
		ADDED from src\main\AndroidManifest.xml:62:17-63
intent-filter#android.intent.action.VIEW+android.intent.category.DEFAULT
ADDED from src\main\AndroidManifest.xml:65:13-69:29
action#android.intent.action.VIEW
ADDED from src\main\AndroidManifest.xml:66:17-69
	android:name
		ADDED from src\main\AndroidManifest.xml:66:25-66
category#android.intent.category.DEFAULT
ADDED from src\main\AndroidManifest.xml:68:17-76
	android:name
		ADDED from src\main\AndroidManifest.xml:68:27-73
meta-data#com.google.android.gms.version
ADDED from src\main\AndroidManifest.xml:72:9-74:65
MERGED from [CalSPEED_android_studio:googleplayservices_lib:unspecified] AndroidManifest.xml:25:9-27:69
	android:value
		ADDED from src\main\AndroidManifest.xml:74:9-62
	android:name
		ADDED from src\main\AndroidManifest.xml:73:9-54
meta-data#com.google.android.maps.v2.API_KEY
ADDED from src\main\AndroidManifest.xml:76:9-78:71
	android:value
		ADDED from src\main\AndroidManifest.xml:78:13-68
	android:name
		ADDED from src\main\AndroidManifest.xml:77:13-62